<?xml version="1.0" encoding="UTF-8"?>
<testsuite name="pt.up.fe.ldts.example1.OrderTest" tests="2" skipped="0" failures="0" errors="0" timestamp="2021-12-10T14:46:39" hostname="LAPTOP-B1EAS5LM" time="0.013">
  <properties/>
  <testcase name="printOrder()" classname="pt.up.fe.ldts.example1.OrderTest" time="0.012"/>
  <testcase name="isElegibleForFreeDelivery()" classname="pt.up.fe.ldts.example1.OrderTest" time="0.0"/>
  <system-out><![CDATA[]]></system-out>
  <system-err><![CDATA[]]></system-err>
</testsuite>
